[23:26:52] [ServerMain/INFO]: [MultiPaperConnection] Connecting to localhost:35353...
[23:26:55] [MultiPaper-Netty-1/INFO]: [MultiPaperConnection] Connected to localhost/127.0.0.1:35353
[23:26:55] [MultiPaper-Netty-1/INFO]: [MultiPaperFileSyncer] Downloaded config\paper-global.yml (4KB)
[23:27:03] [ServerMain/INFO]: Building unoptimized datafixer
[23:27:09] [ServerMain/INFO]: Environment: authHost='https://authserver.mojang.com', accountsHost='https://api.mojang.com', sessionHost='https://sessionserver.mojang.com', servicesHost='https://api.minecraftservices.com', name='PROD'
[23:27:28] [ServerMain/INFO]: Loaded 7 recipes
[23:27:34] [Server thread/INFO]: Starting minecraft server version 1.19.2
[23:27:34] [Server thread/INFO]: Loading properties
[23:27:34] [Server thread/INFO]: This server is running MultiPaper version MultiPaper-1.19.2-37 (MC: 1.19.2) (Implementing API version 1.19.2-R0.1-SNAPSHOT) (Git: 04f646c)
[23:27:34] [Server thread/INFO]: Using 4 threads for Netty based IO
[23:27:34] [Server thread/INFO]: Server Ping Player Sample Count: 12
[23:27:35] [Server thread/INFO]: Default game type: SURVIVAL
[23:27:35] [Server thread/INFO]: Generating keypair
[23:27:36] [Server thread/INFO]: Starting Minecraft server on *:25567
[23:27:36] [Server thread/INFO]: Using default channel type
[23:27:36] [Server thread/INFO]: Paper: Using Java 11 compression from Velocity.
[23:27:36] [Server thread/INFO]: Paper: Using Java cipher from Velocity.
[23:27:36] [Server thread/INFO]: Server permissions file permissions.yml is empty, ignoring it
[23:27:36] [Server thread/WARN]: **** SERVER IS RUNNING IN OFFLINE/INSECURE MODE!
[23:27:36] [Server thread/WARN]: The server will make no attempt to authenticate usernames. Beware.
[23:27:36] [Server thread/WARN]: While this makes the game possible to play without internet access, it also opens up the ability for hackers to connect with any username they choose.
[23:27:36] [Server thread/WARN]: To change this, set "online-mode" to "true" in the server.properties file.
[23:27:36] [Server thread/INFO]: Preparing level "world"
[23:27:37] [MultiPaper-Netty-2/INFO]: [HelloPacket] Connected to external server server-01
[23:27:40] [MultiPaper-Netty-1/INFO]: [MultiPaperConnection] Connecting to external server 127.0.0.1:25568...
[23:27:42] [MultiPaper-Netty-3/INFO]: [HelloPacket] Connected to external server server-03
[23:28:14] [Server thread/INFO]: Running delayed init tasks
[23:28:14] [Server thread/INFO]: Done (40.555s)! For help, type "help"
[23:28:14] [Server thread/INFO]: Timings Reset
[23:29:54] [Server thread/INFO]: Stopping server
[23:29:54] [Server thread/INFO]: Saving players
[23:29:55] [Server thread/INFO]: Saving worlds
[23:29:55] [Server thread/INFO]: Saving chunks for level 'ServerLevel[world]'/minecraft:overworld
[23:29:55] [Server thread/INFO]: Saving chunks for level 'ServerLevel[world_nether]'/minecraft:the_nether
[23:29:55] [Server thread/INFO]: Saving chunks for level 'ServerLevel[world_the_end]'/minecraft:the_end
[23:29:55] [Server thread/INFO]: ThreadedAnvilChunkStorage (world): All chunks are saved
[23:29:55] [Server thread/INFO]: ThreadedAnvilChunkStorage (DIM-1): All chunks are saved
[23:29:55] [Server thread/INFO]: ThreadedAnvilChunkStorage (DIM1): All chunks are saved
[23:29:55] [Server thread/INFO]: ThreadedAnvilChunkStorage: All dimensions are saved
[23:29:55] [Server thread/INFO]: Flushing Chunk IO
[23:29:55] [Server thread/INFO]: Closing MultiPaper File Syncer
[23:29:55] [Server thread/INFO]: Closing Thread Pool
[23:29:56] [MultiPaper-Netty-3/INFO]: [ExternalServerPacketHandler] External server server-03 has disconnected: Connection reset
[23:29:56] [Server thread/INFO]: Closing Server
